TN:
SF:controllers\auth.js
FN:7,(anonymous_0)
FN:24,(anonymous_1)
FN:40,(anonymous_2)
FN:65,(anonymous_3)
FN:99,(anonymous_4)
FN:136,(anonymous_5)
FN:157,(anonymous_6)
FNF:7
FNH:7
FNDA:3,(anonymous_0)
FNDA:7,(anonymous_1)
FNDA:5,(anonymous_2)
FNDA:5,(anonymous_3)
FNDA:9,(anonymous_4)
FNDA:2,(anonymous_5)
FNDA:4,(anonymous_6)
DA:1,1
DA:7,1
DA:8,3
DA:10,3
DA:15,3
DA:17,3
DA:24,1
DA:25,7
DA:26,6
DA:27,5
DA:28,4
DA:29,3
DA:30,2
DA:31,1
DA:40,1
DA:41,5
DA:42,5
DA:44,5
DA:46,2
DA:49,3
DA:51,3
DA:52,1
DA:55,2
DA:65,1
DA:66,5
DA:67,5
DA:69,5
DA:70,1
DA:73,4
DA:75,3
DA:76,1
DA:79,2
DA:81,2
DA:82,1
DA:85,1
DA:88,1
DA:89,1
DA:99,1
DA:100,9
DA:101,9
DA:103,8
DA:104,1
DA:107,7
DA:109,7
DA:125,1
DA:126,1
DA:136,1
DA:137,2
DA:138,2
DA:143,1
DA:146,1
DA:147,1
DA:157,1
DA:158,4
DA:159,4
DA:161,4
DA:162,1
DA:165,3
DA:171,2
DA:172,1
DA:175,1
DA:178,1
DA:179,1
LF:63
LH:63
BRDA:15,0,0,1
BRDA:15,0,1,2
BRDA:25,1,0,1
BRDA:25,1,1,6
BRDA:26,2,0,1
BRDA:26,2,1,5
BRDA:27,3,0,1
BRDA:27,3,1,4
BRDA:28,4,0,1
BRDA:28,4,1,3
BRDA:29,5,0,1
BRDA:29,5,1,2
BRDA:30,6,0,1
BRDA:30,6,1,1
BRDA:51,7,0,1
BRDA:51,7,1,2
BRDA:55,8,0,2
BRDA:55,8,1,1
BRDA:69,9,0,1
BRDA:69,9,1,4
BRDA:69,10,0,5
BRDA:69,10,1,4
BRDA:75,11,0,1
BRDA:75,11,1,2
BRDA:81,12,0,1
BRDA:81,12,1,1
BRDA:103,13,0,1
BRDA:103,13,1,7
BRDA:107,14,0,7
BRDA:107,14,1,1
BRDA:161,15,0,1
BRDA:161,15,1,3
BRDA:171,16,0,1
BRDA:171,16,1,1
BRF:34
BRH:34
end_of_record
TN:
SF:controllers\coworkingspaces.js
FN:10,(anonymous_0)
FN:15,(anonymous_1)
FN:18,(anonymous_2)
FN:79,(anonymous_3)
FN:103,(anonymous_4)
FN:129,(anonymous_5)
FN:163,(anonymous_6)
FN:188,(anonymous_7)
FNF:8
FNH:8
FNDA:6,(anonymous_0)
FNDA:24,(anonymous_1)
FNDA:1,(anonymous_2)
FNDA:3,(anonymous_3)
FNDA:4,(anonymous_4)
FNDA:5,(anonymous_5)
FNDA:3,(anonymous_6)
FNDA:6,(anonymous_7)
DA:1,1
DA:2,1
DA:10,1
DA:11,6
DA:12,6
DA:14,6
DA:15,24
DA:17,6
DA:18,6
DA:20,6
DA:27,5
DA:28,1
DA:29,1
DA:32,5
DA:33,1
DA:34,1
DA:36,4
DA:39,5
DA:40,5
DA:41,5
DA:42,5
DA:44,5
DA:46,5
DA:48,5
DA:50,5
DA:52,5
DA:53,2
DA:56,5
DA:57,1
DA:60,5
DA:68,1
DA:69,1
DA:79,1
DA:80,3
DA:81,3
DA:85,2
DA:86,1
DA:89,1
DA:92,1
DA:93,1
DA:103,1
DA:104,4
DA:105,4
DA:107,1
DA:110,3
DA:112,3
DA:113,1
DA:119,2
DA:129,1
DA:130,5
DA:131,5
DA:137,2
DA:138,1
DA:141,1
DA:144,3
DA:146,3
DA:147,1
DA:153,2
DA:163,1
DA:164,3
DA:165,3
DA:167,2
DA:168,1
DA:171,1
DA:172,1
DA:174,1
DA:177,1
DA:178,1
DA:188,1
DA:189,6
DA:190,6
DA:192,6
DA:193,1
DA:196,5
DA:198,4
DA:199,1
DA:202,3
DA:203,3
DA:204,3
DA:206,3
DA:212,3
DA:215,1
DA:216,1
LF:83
LH:83
BRDA:27,0,0,1
BRDA:27,0,1,4
BRDA:32,1,0,1
BRDA:32,1,1,4
BRDA:39,2,0,5
BRDA:39,2,1,3
BRDA:40,3,0,5
BRDA:40,3,1,3
BRDA:52,4,0,2
BRDA:52,4,1,3
BRDA:56,5,0,1
BRDA:56,5,1,4
BRDA:85,6,0,1
BRDA:85,6,1,1
BRDA:112,7,0,1
BRDA:112,7,1,2
BRDA:119,8,0,2
BRDA:119,8,1,1
BRDA:137,9,0,1
BRDA:137,9,1,1
BRDA:146,10,0,1
BRDA:146,10,1,2
BRDA:153,11,0,2
BRDA:153,11,1,1
BRDA:167,12,0,1
BRDA:167,12,1,1
BRDA:192,13,0,1
BRDA:192,13,1,5
BRDA:192,14,0,6
BRDA:192,14,1,2
BRDA:198,15,0,1
BRDA:198,15,1,3
BRDA:203,16,0,2
BRDA:203,16,1,1
BRDA:204,17,0,2
BRDA:204,17,1,1
BRF:36
BRH:36
end_of_record
TN:
SF:controllers\payments.js
FN:13,(anonymous_0)
FN:27,(anonymous_1)
FN:39,(anonymous_2)
FN:58,(anonymous_3)
FN:140,(anonymous_4)
FN:186,(anonymous_5)
FN:222,(anonymous_6)
FN:294,(anonymous_7)
FN:347,(anonymous_8)
FN:376,(anonymous_9)
FN:419,(anonymous_10)
FN:464,(anonymous_11)
FN:514,(anonymous_12)
FN:536,(anonymous_13)
FN:591,(anonymous_14)
FN:641,(anonymous_15)
FN:730,(anonymous_16)
FN:773,(anonymous_17)
FN:816,(anonymous_18)
FN:876,(anonymous_19)
FN:897,(anonymous_20)
FNF:21
FNH:21
FNDA:2,(anonymous_0)
FNDA:36,(anonymous_1)
FNDA:15,(anonymous_2)
FNDA:25,(anonymous_3)
FNDA:11,(anonymous_4)
FNDA:8,(anonymous_5)
FNDA:18,(anonymous_6)
FNDA:12,(anonymous_7)
FNDA:7,(anonymous_8)
FNDA:6,(anonymous_9)
FNDA:12,(anonymous_10)
FNDA:29,(anonymous_11)
FNDA:11,(anonymous_12)
FNDA:7,(anonymous_13)
FNDA:18,(anonymous_14)
FNDA:10,(anonymous_15)
FNDA:5,(anonymous_16)
FNDA:7,(anonymous_17)
FNDA:14,(anonymous_18)
FNDA:14,(anonymous_19)
FNDA:9,(anonymous_20)
DA:3,15
DA:4,15
DA:5,15
DA:6,15
DA:7,15
DA:8,15
DA:10,15
DA:14,2
DA:15,2
DA:16,1
DA:18,1
DA:22,15
DA:27,15
DA:28,36
DA:30,36
DA:31,10
DA:33,26
DA:34,3
DA:37,23
DA:39,15
DA:40,15
DA:58,15
DA:59,25
DA:60,25
DA:62,25
DA:63,5
DA:69,20
DA:70,2
DA:76,18
DA:80,16
DA:81,3
DA:84,13
DA:85,2
DA:88,11
DA:89,3
DA:95,8
DA:100,8
DA:101,3
DA:107,5
DA:115,5
DA:129,2
DA:140,15
DA:141,11
DA:142,11
DA:144,9
DA:145,2
DA:148,7
DA:149,2
DA:155,5
DA:157,5
DA:158,5
DA:159,5
DA:160,5
DA:161,4
DA:163,4
DA:175,3
DA:186,15
DA:187,8
DA:188,8
DA:190,6
DA:191,2
DA:194,4
DA:195,2
DA:201,2
DA:202,2
DA:204,2
DA:211,2
DA:222,15
DA:223,18
DA:224,18
DA:226,17
DA:227,1
DA:230,16
DA:231,1
DA:234,15
DA:235,2
DA:241,13
DA:242,1
DA:245,12
DA:248,11
DA:249,1
DA:252,10
DA:254,10
DA:259,9
DA:260,2
DA:266,7
DA:267,7
DA:268,7
DA:269,7
DA:270,7
DA:271,6
DA:273,6
DA:284,4
DA:294,15
DA:295,12
DA:296,12
DA:298,9
DA:299,1
DA:302,8
DA:303,1
DA:306,7
DA:307,1
DA:313,6
DA:315,6
DA:316,6
DA:317,6
DA:318,6
DA:319,6
DA:320,4
DA:321,4
DA:323,4
DA:336,5
DA:347,15
DA:348,7
DA:349,7
DA:359,6
DA:366,1
DA:376,15
DA:377,6
DA:378,6
DA:403,4
DA:404,1
DA:407,3
DA:408,1
DA:411,2
DA:414,2
DA:419,15
DA:420,12
DA:421,12
DA:423,12
DA:424,3
DA:427,9
DA:448,7
DA:455,2
DA:456,2
DA:464,15
DA:465,29
DA:466,29
DA:468,27
DA:469,3
DA:472,24
DA:473,3
DA:476,21
DA:477,3
DA:480,18
DA:481,2
DA:484,16
DA:485,16
DA:486,5
DA:489,11
DA:491,11
DA:492,5
DA:495,11
DA:496,6
DA:497,6
DA:500,11
DA:502,11
DA:504,2
DA:514,15
DA:515,11
DA:516,11
DA:518,9
DA:519,1
DA:523,8
DA:524,1
DA:528,7
DA:531,7
DA:532,1
DA:535,6
DA:536,6
DA:537,7
DA:542,6
DA:543,2
DA:549,4
DA:551,4
DA:553,2
DA:554,2
DA:556,2
DA:558,1
DA:559,1
DA:563,1
DA:569,3
DA:570,3
DA:572,3
DA:582,2
DA:591,15
DA:592,18
DA:593,18
DA:594,2
DA:597,16
DA:598,16
DA:599,2
DA:602,14
DA:605,14
DA:623,8
DA:630,6
DA:631,3
DA:633,3
DA:641,15
DA:642,10
DA:643,10
DA:646,10
DA:647,9
DA:648,1
DA:655,8
DA:656,1
DA:663,7
DA:664,1
DA:671,6
DA:672,1
DA:679,5
DA:685,5
DA:686,1
DA:692,4
DA:695,4
DA:700,4
DA:701,1
DA:708,3
DA:711,3
DA:721,1
DA:730,15
DA:731,5
DA:732,5
DA:734,5
DA:735,1
DA:742,4
DA:747,3
DA:748,1
DA:755,2
DA:758,2
DA:769,1
DA:773,15
DA:774,7
DA:775,7
DA:777,7
DA:778,1
DA:781,6
DA:782,5
DA:783,1
DA:787,4
DA:788,1
DA:794,3
DA:795,3
DA:797,3
DA:807,3
DA:809,3
DA:812,1
DA:816,15
DA:817,14
DA:818,14
DA:819,13
DA:820,1
DA:823,12
DA:826,12
DA:827,7
DA:829,5
DA:830,3
DA:833,2
DA:839,10
DA:841,10
DA:849,10
DA:852,10
DA:853,10
DA:854,9
DA:855,9
DA:858,10
DA:867,1
DA:876,15
DA:877,14
DA:878,14
DA:883,10
DA:884,3
DA:887,7
DA:888,2
DA:891,5
DA:893,4
DA:897,15
DA:898,9
DA:899,9
DA:915,7
DA:917,2
LF:281
LH:281
BRDA:15,0,0,1
BRDA:15,0,1,1
BRDA:30,1,0,10
BRDA:30,1,1,26
BRDA:33,2,0,3
BRDA:33,2,1,23
BRDA:62,3,0,5
BRDA:62,3,1,20
BRDA:62,4,0,25
BRDA:62,4,1,22
BRDA:62,4,2,22
BRDA:69,5,0,2
BRDA:69,5,1,18
BRDA:80,6,0,3
BRDA:80,6,1,13
BRDA:84,7,0,2
BRDA:84,7,1,11
BRDA:88,8,0,3
BRDA:88,8,1,8
BRDA:100,9,0,3
BRDA:100,9,1,5
BRDA:144,10,0,2
BRDA:144,10,1,7
BRDA:148,11,0,2
BRDA:148,11,1,5
BRDA:190,12,0,2
BRDA:190,12,1,4
BRDA:194,13,0,2
BRDA:194,13,1,2
BRDA:226,14,0,1
BRDA:226,14,1,16
BRDA:230,15,0,1
BRDA:230,15,1,15
BRDA:234,16,0,2
BRDA:234,16,1,13
BRDA:241,17,0,1
BRDA:241,17,1,12
BRDA:241,18,0,13
BRDA:241,18,1,2
BRDA:248,19,0,1
BRDA:248,19,1,10
BRDA:259,20,0,2
BRDA:259,20,1,7
BRDA:298,21,0,1
BRDA:298,21,1,8
BRDA:302,22,0,1
BRDA:302,22,1,7
BRDA:306,23,0,1
BRDA:306,23,1,6
BRDA:403,24,0,1
BRDA:403,24,1,3
BRDA:407,25,0,1
BRDA:407,25,1,2
BRDA:407,26,0,3
BRDA:407,26,1,2
BRDA:423,27,0,3
BRDA:423,27,1,9
BRDA:423,28,0,12
BRDA:423,28,1,11
BRDA:423,28,2,11
BRDA:423,28,3,9
BRDA:423,28,4,7
BRDA:456,29,0,2
BRDA:456,29,1,1
BRDA:468,30,0,3
BRDA:468,30,1,24
BRDA:472,31,0,3
BRDA:472,31,1,21
BRDA:472,32,0,24
BRDA:472,32,1,4
BRDA:476,33,0,3
BRDA:476,33,1,18
BRDA:480,34,0,2
BRDA:480,34,1,16
BRDA:485,35,0,5
BRDA:485,35,1,11
BRDA:485,36,0,16
BRDA:485,36,1,14
BRDA:491,37,0,5
BRDA:491,37,1,6
BRDA:495,38,0,6
BRDA:495,38,1,5
BRDA:518,39,0,1
BRDA:518,39,1,8
BRDA:523,40,0,1
BRDA:523,40,1,7
BRDA:531,41,0,1
BRDA:531,41,1,6
BRDA:537,42,0,1
BRDA:537,42,1,6
BRDA:542,43,0,2
BRDA:542,43,1,4
BRDA:551,44,0,2
BRDA:551,44,1,2
BRDA:556,45,0,1
BRDA:556,45,1,1
BRDA:593,46,0,2
BRDA:593,46,1,16
BRDA:598,47,0,2
BRDA:598,47,1,14
BRDA:626,48,0,8
BRDA:626,48,1,1
BRDA:630,49,0,3
BRDA:630,49,1,3
BRDA:647,50,0,1
BRDA:647,50,1,8
BRDA:655,51,0,1
BRDA:655,51,1,7
BRDA:655,52,0,8
BRDA:655,52,1,2
BRDA:663,53,0,1
BRDA:663,53,1,6
BRDA:671,54,0,1
BRDA:671,54,1,5
BRDA:685,55,0,1
BRDA:685,55,1,4
BRDA:685,56,0,5
BRDA:685,56,1,4
BRDA:700,57,0,1
BRDA:700,57,1,3
BRDA:734,58,0,1
BRDA:734,58,1,4
BRDA:747,59,0,1
BRDA:747,59,1,2
BRDA:777,60,0,1
BRDA:777,60,1,6
BRDA:782,61,0,1
BRDA:782,61,1,4
BRDA:787,62,0,1
BRDA:787,62,1,3
BRDA:819,63,0,1
BRDA:819,63,1,12
BRDA:826,64,0,7
BRDA:826,64,1,5
BRDA:826,65,0,12
BRDA:826,65,1,6
BRDA:829,66,0,3
BRDA:829,66,1,2
BRDA:853,67,0,9
BRDA:853,67,1,1
BRDA:883,68,0,3
BRDA:883,68,1,7
BRDA:887,69,0,2
BRDA:887,69,1,5
BRDA:887,70,0,7
BRDA:887,70,1,4
BRF:146
BRH:146
end_of_record
TN:
SF:controllers\reservations.js
FN:10,(anonymous_0)
FN:42,(anonymous_1)
FN:72,(anonymous_2)
FN:87,(anonymous_3)
FN:107,(anonymous_4)
FN:159,(anonymous_5)
FN:186,(anonymous_6)
FN:262,(anonymous_7)
FN:323,(anonymous_8)
FN:399,(anonymous_9)
FN:438,(anonymous_10)
FNF:11
FNH:11
FNDA:11,(anonymous_0)
FNDA:12,(anonymous_1)
FNDA:13,(anonymous_2)
FNDA:13,(anonymous_3)
FNDA:5,(anonymous_4)
FNDA:10,(anonymous_5)
FNDA:5,(anonymous_6)
FNDA:10,(anonymous_7)
FNDA:10,(anonymous_8)
FNDA:6,(anonymous_9)
FNDA:5,(anonymous_10)
DA:1,2
DA:2,2
DA:3,2
DA:4,2
DA:5,2
DA:10,2
DA:11,11
DA:13,11
DA:14,1
DA:20,10
DA:21,1
DA:27,9
DA:28,1
DA:34,8
DA:42,2
DA:43,12
DA:44,12
DA:46,12
DA:47,1
DA:50,12
DA:72,13
DA:74,7
DA:81,7
DA:82,7
DA:83,4
DA:87,13
DA:94,7
DA:100,5
DA:107,2
DA:108,5
DA:109,5
DA:129,4
DA:130,1
DA:137,3
DA:141,1
DA:147,2
DA:152,1
DA:159,2
DA:160,10
DA:161,10
DA:164,10
DA:165,4
DA:172,6
DA:176,5
DA:177,1
DA:183,4
DA:186,5
DA:187,4
DA:188,1
DA:208,3
DA:213,3
DA:214,1
DA:221,2
DA:226,2
DA:227,1
DA:234,1
DA:237,1
DA:249,1
DA:255,1
DA:262,2
DA:263,10
DA:264,10
DA:266,9
DA:267,1
DA:270,8
DA:274,1
DA:277,7
DA:278,1
DA:284,6
DA:286,6
DA:287,1
DA:294,5
DA:300,5
DA:301,1
DA:307,4
DA:308,4
DA:310,4
DA:316,1
DA:323,2
DA:324,10
DA:325,10
DA:327,9
DA:328,2
DA:334,7
DA:338,2
DA:345,5
DA:346,5
DA:349,5
DA:350,1
DA:354,4
DA:356,4
DA:358,1
DA:359,1
DA:361,1
DA:362,1
DA:365,1
DA:368,1
DA:375,3
DA:376,3
DA:378,3
DA:379,1
DA:380,1
DA:386,3
DA:392,1
DA:399,2
DA:400,6
DA:401,6
DA:402,2
DA:408,4
DA:410,3
DA:411,1
DA:417,2
DA:418,2
DA:420,2
DA:424,2
DA:431,1
DA:438,2
DA:439,5
DA:440,5
DA:442,4
DA:443,1
DA:449,3
DA:453,1
DA:459,2
DA:461,2
DA:466,1
LF:126
LH:126
BRDA:13,0,0,1
BRDA:13,0,1,10
BRDA:20,1,0,1
BRDA:20,1,1,9
BRDA:27,2,0,1
BRDA:27,2,1,8
BRDA:46,3,0,1
BRDA:46,3,1,11
BRDA:89,4,0,13
BRDA:89,4,1,9
BRDA:90,5,0,13
BRDA:90,5,1,9
BRDA:91,6,0,13
BRDA:91,6,1,9
BRDA:129,7,0,1
BRDA:129,7,1,3
BRDA:137,8,0,1
BRDA:137,8,1,2
BRDA:138,9,0,3
BRDA:138,9,1,2
BRDA:164,10,0,4
BRDA:164,10,1,6
BRDA:164,11,0,10
BRDA:164,11,1,9
BRDA:164,11,2,7
BRDA:176,12,0,1
BRDA:176,12,1,4
BRDA:187,13,0,1
BRDA:187,13,1,3
BRDA:213,14,0,1
BRDA:213,14,1,2
BRDA:226,15,0,1
BRDA:226,15,1,1
BRDA:266,16,0,1
BRDA:266,16,1,8
BRDA:270,17,0,1
BRDA:270,17,1,7
BRDA:271,18,0,8
BRDA:271,18,1,3
BRDA:277,19,0,1
BRDA:277,19,1,6
BRDA:286,20,0,1
BRDA:286,20,1,5
BRDA:286,21,0,6
BRDA:286,21,1,5
BRDA:300,22,0,1
BRDA:300,22,1,4
BRDA:327,23,0,2
BRDA:327,23,1,7
BRDA:334,24,0,2
BRDA:334,24,1,5
BRDA:335,25,0,7
BRDA:335,25,1,3
BRDA:346,26,0,3
BRDA:346,26,1,2
BRDA:349,27,0,1
BRDA:349,27,1,4
BRDA:349,28,0,5
BRDA:349,28,1,3
BRDA:356,29,0,1
BRDA:356,29,1,3
BRDA:356,30,0,4
BRDA:356,30,1,2
BRDA:378,31,0,1
BRDA:378,31,1,2
BRDA:378,32,0,3
BRDA:378,32,1,1
BRDA:401,33,0,2
BRDA:401,33,1,4
BRDA:410,34,0,1
BRDA:410,34,1,2
BRDA:442,35,0,1
BRDA:442,35,1,3
BRDA:449,36,0,1
BRDA:449,36,1,2
BRDA:450,37,0,3
BRDA:450,37,1,2
BRF:77
BRH:77
end_of_record
TN:
SF:controllers\rooms.js
FN:10,(anonymous_0)
FN:61,(anonymous_1)
FN:84,(anonymous_2)
FN:118,(anonymous_3)
FN:118,(anonymous_4)
FN:121,(anonymous_5)
FN:168,(anonymous_6)
FN:193,(anonymous_7)
FN:221,(anonymous_8)
FN:221,(anonymous_9)
FN:224,(anonymous_10)
FN:257,(anonymous_11)
FN:315,(anonymous_12)
FNF:13
FNH:13
FNDA:6,(anonymous_0)
FNDA:2,(anonymous_1)
FNDA:4,(anonymous_2)
FNDA:1,(anonymous_3)
FNDA:1,(anonymous_4)
FNDA:3,(anonymous_5)
FNDA:2,(anonymous_6)
FNDA:5,(anonymous_7)
FNDA:1,(anonymous_8)
FNDA:1,(anonymous_9)
FNDA:3,(anonymous_10)
FNDA:6,(anonymous_11)
FNDA:4,(anonymous_12)
DA:1,7
DA:2,7
DA:3,7
DA:4,7
DA:5,7
DA:10,7
DA:11,6
DA:12,6
DA:14,6
DA:15,1
DA:22,5
DA:23,4
DA:24,1
DA:31,3
DA:32,3
DA:33,1
DA:39,2
DA:44,2
DA:50,1
DA:51,1
DA:61,7
DA:62,2
DA:63,2
DA:66,1
DA:73,1
DA:74,1
DA:84,7
DA:85,4
DA:86,4
DA:88,4
DA:89,1
DA:95,3
DA:98,2
DA:100,2
DA:101,2
DA:104,2
DA:112,2
DA:117,2
DA:118,1
DA:121,2
DA:122,3
DA:124,3
DA:125,3
DA:127,3
DA:128,2
DA:130,3
DA:139,2
DA:149,2
DA:156,1
DA:157,1
DA:168,7
DA:169,2
DA:170,2
DA:172,2
DA:177,1
DA:184,1
DA:185,1
DA:193,7
DA:194,5
DA:195,5
DA:201,4
DA:202,1
DA:206,3
DA:207,2
DA:208,2
DA:215,2
DA:220,2
DA:221,1
DA:224,2
DA:225,3
DA:226,3
DA:227,3
DA:228,3
DA:229,2
DA:231,3
DA:240,2
DA:246,1
DA:249,1
DA:250,1
DA:257,7
DA:258,6
DA:259,6
DA:261,5
DA:262,1
DA:269,4
DA:270,2
DA:271,2
DA:272,1
DA:280,3
DA:286,3
DA:287,1
DA:292,2
DA:293,1
DA:295,2
DA:296,2
DA:298,2
DA:304,1
DA:305,1
DA:315,7
DA:316,4
DA:317,4
DA:319,3
DA:320,1
DA:326,2
DA:331,2
DA:332,1
DA:338,1
DA:339,1
DA:341,1
DA:347,1
DA:348,1
LF:111
LH:111
BRDA:14,0,0,1
BRDA:14,0,1,5
BRDA:14,1,0,6
BRDA:14,1,1,6
BRDA:14,1,2,6
BRDA:14,1,3,5
BRDA:23,2,0,1
BRDA:23,2,1,3
BRDA:32,3,0,1
BRDA:32,3,1,2
BRDA:41,4,0,2
BRDA:41,4,1,1
BRDA:88,5,0,1
BRDA:88,5,1,3
BRDA:107,6,0,2
BRDA:107,6,1,1
BRDA:108,7,0,2
BRDA:108,7,1,1
BRDA:127,8,0,1
BRDA:127,8,1,2
BRDA:127,9,0,3
BRDA:127,9,1,2
BRDA:128,10,0,1
BRDA:128,10,1,1
BRDA:134,11,0,1
BRDA:134,11,1,2
BRDA:201,12,0,1
BRDA:201,12,1,3
BRDA:206,13,0,2
BRDA:206,13,1,1
BRDA:211,14,0,2
BRDA:211,14,1,1
BRDA:212,15,0,2
BRDA:212,15,1,1
BRDA:228,16,0,1
BRDA:228,16,1,2
BRDA:228,17,0,3
BRDA:228,17,1,2
BRDA:229,18,0,1
BRDA:229,18,1,1
BRDA:235,19,0,1
BRDA:235,19,1,2
BRDA:261,20,0,1
BRDA:261,20,1,4
BRDA:269,21,0,2
BRDA:269,21,1,2
BRDA:271,22,0,1
BRDA:271,22,1,1
BRDA:282,23,0,3
BRDA:282,23,1,2
BRDA:286,24,0,1
BRDA:286,24,1,2
BRDA:292,25,0,1
BRDA:292,25,1,1
BRDA:319,26,0,1
BRDA:319,26,1,2
BRDA:331,27,0,1
BRDA:331,27,1,1
BRF:58
BRH:58
end_of_record
TN:
SF:controllers\timeslots.js
FN:5,(anonymous_0)
FN:65,(anonymous_1)
FNF:2
FNH:2
FNDA:7,(anonymous_0)
FNDA:2,(anonymous_1)
DA:1,1
DA:2,1
DA:5,1
DA:6,7
DA:7,7
DA:10,7
DA:11,6
DA:12,1
DA:15,5
DA:16,5
DA:17,1
DA:21,4
DA:22,4
DA:23,4
DA:24,4
DA:26,4
DA:27,4
DA:29,4
DA:30,4
DA:31,4
DA:32,4
DA:35,4
DA:36,2
DA:43,2
DA:49,2
DA:50,1
DA:54,1
DA:56,1
DA:59,1
DA:60,1
DA:65,1
DA:66,2
DA:67,2
DA:71,1
DA:74,1
DA:75,1
LF:36
LH:36
BRDA:11,0,0,1
BRDA:11,0,1,5
BRDA:16,1,0,1
BRDA:16,1,1,4
BRDA:35,2,0,2
BRDA:35,2,1,2
BRDA:35,3,0,4
BRDA:35,3,1,3
BRDA:49,4,0,1
BRDA:49,4,1,1
BRF:10
BRH:10
end_of_record
TN:
SF:utils\generateTimeSlots.js
FN:10,toLocalDate
FN:19,getLocalDayRange
FN:26,generateDailySlots
FN:44,(anonymous_3)
FNF:4
FNH:4
FNDA:24,toLocalDate
FNDA:13,getLocalDayRange
FNDA:13,generateDailySlots
FNDA:3,(anonymous_3)
DA:1,1
DA:11,24
DA:12,24
DA:20,13
DA:21,13
DA:22,13
DA:23,13
DA:32,13
DA:33,13
DA:35,13
DA:38,13
DA:43,12
DA:44,3
DA:47,12
DA:48,12
DA:49,12
DA:51,12
DA:52,29
DA:53,29
DA:54,29
DA:56,29
DA:58,28
DA:59,25
DA:62,28
DA:65,12
DA:66,10
DA:69,11
DA:75,1
LF:28
LH:28
BRDA:29,0,0,1
BRDA:30,1,0,1
BRDA:56,2,0,1
BRDA:56,2,1,28
BRDA:58,3,0,25
BRDA:58,3,1,3
BRDA:65,4,0,10
BRDA:65,4,1,2
BRF:8
BRH:8
end_of_record
